history 修改为成就系统，+奖励

勋章及涉及到的研究等都需要修改
condition 需要 rp

sj的运镖
火鸟       朱雀  魔法技能  不考虑任何防御 直接对对方进行气血 和 精 伤害

新增fy的boss仇恨系统
神龟       玄武  防御技能  除神器级武器 所有伤害减到 1/10 神器 1/2

翼虎       白虎   战斗技能  除玄武盔甲外 几率忽视任何因素 直接通过自身功夫伤害对方

巨蟒(毒)   青龙 恢复技能  通过吸收天地精华来补充自身气血 精 内力 (气血小于50% 一定几率全恢复) random(num)==1 才能死亡 否则气血全满

天使 奉献技能(气血小于50%)  几率激发自己的潜力给与对方最大的伤害 自身伤害一半 对方伤害乘三

幽灵        隐身技能 一定时间范围类忽视任何物理攻击

吸血鬼    吸血技能(气血小于50%)  几率吸取对方的血来补充自身的气血


火焰微粒和土之微粒
生命微粒
一：黑暗森林   (此区域可得白虎套装套件 B001)
二：赤月沙漠   (此区域可得玄武套装套件 D001)
三：幽煞天空   (此区域可得朱雀套装套件 C001)
四：魔血海洋   (此区域可得青龙套装套件 A001)
五：地下城     (此区域可得疾风套装全套 Z001-Z008)
六：讨伐试练场 (此区域可得各区域入场证明 )

不符合或未达到等级要求的装备，look 时候其属性文字会变成红色。 ;当装备不符合或未达到等级要求时，其属性文字会变成红色。

粗制品质 ;普通品质 ;精制品质 ;珍稀品质 ;史诗 ;传说(色彩未决定) ;神器(色彩未决定) ;
等级1时可以装备装备的部位：胸部，衬衣，手部，腿部，脚部，腰部，腕部 ;较高等级可以装备物品的部位：肩部/手指，头部/颈部，饰物
武魂，石化，轮回，锤子，蔷薇草
发挥先天技能的作用
给经络学加个pfm,可以在战斗中造成一个效果
riddle, 显示谜题


你不妨四处看看(look)。地上有什麽东西你都可以捡起来
    (get)收着。你可以先查查(i or inventory)看你现在身上有些什
    麽。你要不时地查查(hp)你的身体状态，要是饿了或渴了就去找
    些吃的喝的吧。你要是有什麽问题可以问我。
    


佛家六字真言
道家九秘



战神诀
后缀为“金”的套装增加法术攻击。
        后缀为“木”的套装增加气血上限。
        后缀为“水”的套装增加防御。
        后缀为“火”的套装增加速度。
        后缀为“土”的套装增加物理攻击。

混沌界 - 
    这里的一切都显得混乱而没有规则，就连四周的空气也在不停地翻
腾。无尽的黑暗似乎也在涌动著，准备吞噬掉你身后仅有的那么一丝光
亮。据说，这里是超越六道三界的地方，是万物众生的开始，也是一切
生命最后终结的地方。
    这里明显的出口是 enter 和 back。
> enter
混沌界 - 
    这里的一切都显得混乱而没有规则，就连四周的空气也在不停地翻
腾。据说，魔兽「混沌」的灵魂就沉睡在这里，它梦中的景象会在这里
以傀儡的方式出现。你注意到半空之中有一个酒杯状的光环。
    这里唯一的出口是 back。

> 一团团的翻滚的黑雾渐渐将你身后的光线完全吞没，将你的一切卷入了混沌之中 ... 
混沌界 - 
    这里的一切仿佛都超越了感觉，没有声音，没有温度，有的只是无
尽的黑暗和异常平静的你 ...
    这里唯一的出口是 back。
  冷月残星(Ally)

试炼场
1. bunch setroom 新增参数 storehouse
   storehouse 提供以下指令：
   1. list    查看当前物品
   2. store   存入物品
   3. take    取出物品
   4. setup item 编号 需要的贡献点数 来设定。
   5. setup level 职位数字 设定最低存取职位。
   6. exchange 使用贡献点兑换物品。



[ 编号： 51 ] [ 作者：      曲非烟(xephon) ] [ 时间：Sat Sep 24 ]
[ 标题：高昌迷宫副本                                            ]
—————————————[Content-]——————————————
副本中文名称：高昌迷宫
副本英文名称：gaochang
副本任务简述：听闻高昌迷宫藏有数不尽的珍珠宝贝，大量武林中人纷纷进去寻宝
可是过去的人都再没有回来了，谣传这是因为有一只千年恶鬼于其中

副本非玩家生物列表：

                「一指震江南」华辉 (hua fei)
                此人本为一武林好手，惜受人所害，中了三枚毒针后以致武功全失
                此人猜忌之心极重，又阴险奸诈，不知道出现在高昌迷宫是想图谋什么....

                千年恶鬼 (ghost)
                自称已在宫□住了一千年，只要一见有人在高昌迷宫逗留
                便会格杀之

                「青蟒剑」陈达海  (chen dahai)
                汉人强盗头领，吕梁三杰的老三，「青蟒剑」陈达海
                一直苦苦追寻高昌迷宫的宝藏

                汉人强盗 (bandit)
                陈达海所带来的汉人强盗，对高昌迷宫的宝藏可渴望得很
                要是谁敢在他们虎口上夺食，他们定必反扑到底
                哈萨克勇士(kazakh fighter)
                哈萨克人中的勇士，武艺高强，比之汉人强盗亦只略逊三分
                他们对汉人排斥得很，要是那个汉人有种指染高昌迷宫，他们即使拼命也会到底

                哈萨克人 (kazakh)
                哈萨克部落的青年，追随哈萨克勇士而来迷宫中探险
                他们敌视汉人得很，小心别招惹他们

副本任务物品列表：
    金线手绢：实为高昌迷宫的地图
    黑色毒针：华辉的独门暗器，当世只有华辉和马家骏会使用

副本故事剧情详述：
进入副本后，华辉会求你替他拔出毒针，一共需拔三次
之后华辉会希望你取得金线手绢，金线手绢于陈达海手中
回报后千年恶鬼出现在随机地方，击杀千年恶鬼后得黑色毒针
交出黑色毒针后得知千年恶鬼实为其徒马家骏，并华辉开始攻击玩家
击杀华辉后任务完成，高昌迷宫宝藏库开启

高昌迷宫宝藏为隐藏maze，□面什么都没有
进入者可随机得到exp、pot或体会
幸运的话□面还可以找到宝箱，得到一些稀有的物品



[ 编号： 52 ] [ 作者：         段江山(yjs) ] [ 时间：Tue Sep 27 ]
[ 标题：杀敖拜 副本                                             ]
—————————————[Content-]——————————————
副本中文名称：皇宫大牢
副本英文名称：huanggongdalao
副本任务简述：听闻门人们正伺机营救被囚于皇宫大牢的□拜。
副本非玩家生物列表：
                    小喇嘛(xiao lama)
                    这是一个矮小喇嘛，为□拜门下初级第子，
                    两臂粗壮，膀阔腰圆，似乎不是中土人士。
                    大喇嘛(da lama)
                    这是一个高大喇嘛，为□拜门下高级第子，
                    两臂粗壮，膀阔腰圆，似乎不是中土人士。
                    护法喇嘛(hufa lama)
                    这是一个壮硕喇嘛，为□拜门下六大护法之一，
                    两臂粗壮，膀阔腰圆，似乎不是中土人士。
                    当朝第一大臣「满洲第一勇士」□拜(ao bai)
                    他就是满洲第一勇士，身材魁梧，相貌狰狞，
                    虽然身穿囚服，仍看得出其太阳穴高高鼓起，似乎身怀绝世武功。
副本任务物品列表：无
副本故事剧情详述：过程中会显示□拜已逼出身上第几根神龙刺以提醒玩家，
在□拜逼出身上九根神龙刺之前，闯入大牢中清除所有喇嘛，并杀掉□拜，
当□拜已逼出身上第九根神龙刺，则此次任务失败，□拜已顺利逃离。

补充：或许可以根据□拜逼出的神龙刺数目增强□拜的攻击力，应该能更有挑战性。



副本中文名称：万劫谷
副本英文名称：wanjiegu
副本任务简述：消灭四大恶人。
副本非玩家生物列表：

·「恶贯满盈」段延庆(duan yan qing)

段延庆穿著青袍，长须垂胸，面目漆黑，一双眼睁大大，湛湛有神。位于天下四大恶人的顶点、人称「恶贳满盈」的男人。

·「无恶不作」叶二娘(ye er niang)

叶二娘颇有姿色，左右脸颊上却各有三道血痕。年轻时叶二娘本来是个好好的姑娘，温柔美貌，端庄贞淑。

·「凶神恶煞」岳老三(yue lao san)

擅使鳄嘴剪及鳄尾鞭，时刚猛一路的武功，可以轻易地一下将人一剪为二，他天生力大无穷、身形庞大，但轻功也只仅逊于云中鹤。

·「穷凶极恶」云中鹤(yun zhong he)

四大恶人之四，号「穷凶极恶」，好色之徒。自称貌似宋玉。

· 凶徒(xiong tu)

 一个恶人谷凶徒，身材魁梧，满脸杀气，一付凶神恶煞的模样。

·段誉(duan yu)

大理段氏之后，父亲段正淳，母亲刀白凤，实为段延庆所生。与萧峰、虚竹为结义兄弟。

副本任务物品列表：无
副本故事剧情详述：
找到段正淳接任务。
段誉被四大恶人抓进了万劫谷你去万劫谷中打探段誉的消息，并派华赫艮来协助你的行动。
副本区域列表：

A. 进入副本的房间：
万劫谷入口 -
    这里黑沉沉的，即无一丝光亮，也无半分声息。黑暗中依稀可以
看到身边似乎有几个人影，看到你转过头去，他们立刻屏住呼吸，紧
张地瞪著你。四壁摸上去冰凉，且极硬，似乎都是钢铁铸成。

B. 副本起点的房间：
万劫谷 -
    这里黑沉沉的，即无一丝光亮，也无半分声息。黑暗中依稀可以
看到身边似乎有几个人影，看到你转过头去，他们立刻屏住呼吸，紧
张地瞪著你。四壁摸上去冰凉，且极硬，似乎都是钢铁铸成。

C. 副本内的普通房间：
    这里黑沉沉的，即无一丝光亮，也无半分声息。黑暗中依稀可以
看到身边似乎有几个人影，看到你转过头去，他们立刻屏住呼吸，紧
张地瞪著你。四壁摸上去冰凉，且极硬，似乎都是钢铁铸成。
E. 副本终点的房间：
万劫谷 - 
    这里黑沉沉的，即无一丝光亮，也无半分声息。黑暗中依稀可以
看到身边似乎有几个人影，看到你转过头去，他们立刻屏住呼吸，紧
张地瞪著你。四壁摸上去冰凉，且极硬，似乎都是钢铁铸成。


F. 离开副本的房间：
万劫谷出口 - 
    这里黑沉沉的，即无一丝光亮，也无半分声息。黑暗中依稀可以
看到身边似乎有几个人影，看到你转过头去，他们立刻屏住呼吸，紧
张地瞪著你。四壁摸上去冰凉，且极硬，似乎都是钢铁铸成。
任务开始时----
找到段正淳接任务。段誉被四大恶人抓进了万劫谷你去万劫谷中打探段誉的消息，并派华赫艮来协助你的行动。玩家虽杀够 10 只凶徒后, 「穷凶极恶」云中鹤(此时的云中鹤是弱的)会出现抱不平,把云中鹤杀掉之后,云中鹤用轻功逃走,玩家在寻找云

中鹤时会遇到「凶神恶煞」岳老三(就是说玩家虽找到岳老三杀了之后云中鹤找会出现),找到云中鹤之后要把他杀死之时...「无恶不作」叶二娘,「恶贯满盈」段延庆(此

时的叶二娘和段延庆是弱的只有云中鹤不是弱)...会出手阻止。这时华赫艮会帮忙把三人击退..之后再玩家再按次序把叶二娘段延庆杀掉顺序杀掉...任务完成....report 

段誉
(副本途中会有凶徒这些主动攻击NPC)




副本中文名称：蒙古草原
副本英文名称：menggucaoyuan
副本任务简述：听闻金轮法王在蒙古草原中带领著许多弟子在活动。
副本非玩家生物列表：
                    蒙古密教金刚宗 入门弟子(rumen disciple)
                    (在此写下二至三行的人物描述。)
                    蒙古密教金刚宗 中级弟子(zhongji disciple)
                    (在此写下二至三行的人物描述。)
                    蒙古密教金刚宗 高级弟子(gaoji disciple)
                    (在此写下二至三行的人物描述。)
                    蒙古密教金刚宗 护法(jingang zong hufa)
                    (在此写下二至三行的人物描述。)
                    蒙古密教金刚宗 「蒙古国师」 金轮法王(jinlun fawang)
                    (在此写下二至三行的人物描述。)

副本区域列表：

A. 进入副本的房间：
入谷小道 -
    杂乱的脚印、雨后的泥泞，一条略宽的小道出现在眼前，
小道两旁的山壁高耸入天，常年遮蔽著阳光照射，让这里充斥
著一股阴寒的温度。再往前走，就是花草遍布的山谷，鲜艳的
花色和青翠的青草构成一幅如诗的画，与此地之景大不相同。

B. 副本起点的房间：
入谷小道 -
    杂乱的脚印、雨后的泥泞，一条略宽的小道出现在眼前，
小道两旁的山壁高耸入天，常年遮蔽著阳光照射，让这里充斥
著一股阴寒的温度。再往前走，就是花草遍布的山谷，鲜艳的
花色和青翠的青草构成一幅如诗的画，与此地之景大不相同。

C. 副本内的普通房间：
    一阵微风吹过脸颊，阵阵花香随风飘扬，香味中带有一股
清新又著迷离的气味，似乎有种让人无法抗拒的吸引力。谷中
遍地花草，虽然每朵花都盛开绽放，展现著不同的风貌和美丽
，但往往美丽与危险都是并存的。这里似乎与其他地方不同，
地上没有任何的花花草草。

D. 副本内的特殊房间：
绝情谷 -
    不同于谷内其他地方开满了情花和断肠草，此处明显经人
细心整理过，让这里成为一处宽敞的平台，平台上乾净整洁且
不见一株杂草，旁边还摆放著几只木椅，此刻椅上正坐著一位
身材矮小，却留了一把极长胡子的人。

绝情谷 - 谷主居处 -
    走过乱石堆叠花草丛生的绝情谷，进入了这间土砖小屋。
屋内整齐的摆放著几座太师椅，墙上几幅字画点缀。屋内几名
弟子正紧张的看著闯入此地的人，手中都握著武器准备随时开
打。

E. 副本终点的房间：
出谷小道 - 
    杂乱的脚印、雨后的泥泞，一条略宽的小道出现在眼前，
小道两旁的山壁高耸入天，常年遮蔽著阳光照射，让这里充斥
著一股阴寒的温度。往回走，就是花草遍布的山谷，鲜艳的花
色和青翠的青草构成一幅如诗的画，与此地之景大不相同。


F. 离开副本的房间：
出谷小道 - 
    杂乱的脚印、雨后的泥泞，一条略宽的小道出现在眼前，
小道两旁的山壁高耸入天，常年遮蔽著阳光照射，让这里充斥
著一股阴寒的温度。往回走，就是花草遍布的山谷，鲜艳的花
色和青翠的青草构成一幅如诗的画，与此地之景大不相同。
                    
副本任务物品列表：无
副本故事剧情详述：进入后清除所有蒙古密教金刚宗弟子和护法以及金轮法王。

本活动系统管理员拥有最终解释权，并有权筛选适合或符合本活动的投稿。




[ 编号： 55 ] [ 作者：     慕容小楼(zstar) ] [ 时间：Tue Oct  4 ]
[ 标题：副本投稿-血战聚贤庄                                     ]
—————————————[Content-]——————————————
副本中文名称：血战聚贤庄
副本英文名称：juxianzhuang
副本任务简述：听闻阎王敌薛神医突然大撒英雄帖，遍邀江湖同道商议如何讨伐乔峰
      不好啦!乔峰带著一名女子上聚贤庄踢馆去啦!
副本非玩家生物列表：
乔峰(qiao feng)

阿朱(azhu)
  这是个身穿红衣的女郎，大约十七八岁，一脸精灵顽皮的神气。
  一张鹅蛋脸，眼珠灵动，别有一番动人风韵。

逍遥派函谷八友「阎王敌」薛慕华(xue muhua)
  他就是号称阎王敌的神医薛慕华，据说他
  精通医理，可以起死回生

关西「快刀祁六」 祁老六(qi laoliu)
  关西闻名的好汉。以手中一把快刀成名。
湘东 八爷 向望海(xiang wanghai)
  此人仗义疏财，武功了得。
「没本钱」 鲍千灵(bao qianling)
  此人劫富济穷，颇有侠名。

游氏双雄 游骥(you ji)
游氏双雄 游驹(you ju)

「铁面判官」单正(shan zheng)
   他体态魁梧，相貌威严，长的一副童颜鹤发。
泰山五雄:
「泰山五雄」 单伯山(shan boshan)
  「铁面判官」单正的长子。    
「泰山五雄」 单仲山(shan zhongshan)
  「铁面判官」单正的次子。 
「泰山五雄」 单叔山(shan shushan) 
  「铁面判官」单正的三子。 
「泰山五雄」 单季山(shan jishan)
  「铁面判官」单正的四子。 
「泰山五雄」 单小山(shan xiaoshan)
  「铁面判官」单正的么子。

太行山冲霄洞 谭公(tan gong)
  这谭公身裁矮小，白发如银，满脸皱纹。
太行山冲霄洞 谭婆(tan po)
  这谭婆牛高马大，白发如银，满脸皱纹。

「赵钱孙李，周吴郑王」 赵钱孙(zhaoqiansun)
 此人说是年纪很老，似乎倒也不老，说他年纪轻，却又全然不轻，总之是三十岁到六十岁之间，相貌说丑不丑，说俊不俊。

少林派第三十六代弟子「达摩院首座」 玄难(xuannan dashi)
  他是一位白须白眉的老僧，身穿一袭银丝棕黄袈裟。他身材极瘦，
  两手更像鸡爪一样。他双目微闭，一副没精打采的模样。
少林派第三十六代弟子「戒律院首座」 玄寂(xuanji dashi)
  他是一位白须白眉的老僧，身穿一袭银丝棕黄袈裟。他身材高大，
  两手过膝。双目半睁半闭，却不时射出一缕精光。
丐帮:
丐帮耆宿 徐长老(xu zhanglao)
丐帮「传功长老」 项长老(xiang zhanglao)
丐帮九袋长老「大义长老」白世镜(bai shijing)
  这是一位须眉皆白的老丐，双目间透出一丝寒
  气。他就是丐帮的传功长老白世镜，所擅的缠
  丝擒拿手在武林中享名已久。

丐帮四老:
丐帮四老 宋长老(song zhanglao)
  宋长老乃丐帮元老，武功甚为了得。
丐帮四老 「大智长老」奚长老(xi zhanglao)
  奚长老乃丐帮元老，武功甚为了得。
丐帮四老 陈长老(chen zhanglao)  或 陈孤雁(chen guyan)
  陈长老乃丐帮元老，武功甚为了得。
丐帮四老 吴长老(wu zhanglao)或 吴长风(wu changfeng)
  吴长老乃丐帮元老，武功甚为了得。

「追魂杖」 谭青(tan qing)
  『追魂杖』段延庆的弟子。这人身穿青袍，脸色灰败，颇有其师之风范。

四大恶人「穷凶极恶」 云中鹤(yun zhonghe)
  此人长得又高又瘦像一杆大竹竿，说话声音忽尖忽粗，十分难
  听，穿著一身青衫，一副色迷迷模样。

刀客, 剑客若干

「黑衣僧」萧远山(xiao yuanshan)
  他就是丐帮前任帮主萧峰的父亲，潜伏少林数十年了。
  他身穿一件普通的黑僧袍，腰间用一条麻绳随便一系。
  他身高六尺有馀，体格十分魁梧，长有一张线条粗旷、十
  分男性化的脸庞，双目如电，炯炯有神。

副本任务物品列表：无
副本故事剧情详述：
  进入后, 正派npc非敌对状态. 与乔峰护送阿朱至薛慕华处 (途中击败来闹场的谭青和云中鹤), 托付好阿朱后(阿朱退场), 触发绝交酒场景。
  
  原文详述:
    乔峰端起一碗酒来，说道："这里众家英雄，多有乔峰往日旧交，今日既有见疑之意，咱们乾杯绝交。哪一位朋友要杀乔某的，先来对饮一碗，
    从此而后，往日交情一笔勾销。我杀你不是忘恩，你杀我不算负义。天下英雄，俱为证见。


  分歧点: 轮到向望海时, 乔峰出手.  在轮到向望海喝酒前, 选择与乔峰喝结拜酒(friend)或断交酒(foe)。  未做选择则自动进入断交酒路线。

  原文详述:
    向望海走上前来，端起酒碗，说道："姓乔的，我来跟你喝一碗！"言语之中，颇为无礼。
    乔峰酒意上涌，斜眼瞧著他，说道："乔某和天下英雄喝这绝交酒，乃是将往日恩义一笔勾销之意。凭你也配和我喝这绝交酒？你跟我有什么交情？"
    说到这里，更不让他答话，跨上一步，右手探出，已抓住胸口，手臂振处，将他从厅门中摔将出去，砰的一声，向望海重重撞在照壁之上，登时便晕了过去。
    这么一来，大厅上登时大乱。乔峰跃入院子，大声喝道："哪一个先来决一死战！"

  
  <结拜酒路线>
   全场正派npc开始auto kill。  与乔峰一起杀出出口。  (萧远山不出现)

  <断交酒路线>
   与群豪一起围攻乔峰。
   乔峰hp 30%时出现萧远山助阵。


１≡——————————————————————————≡
２]■■■■■■■＼　　　　　　　　　　　／■■■■■■■[
３]■■■■■■■　＼　　　　　　　　　／　■■■■■■■[
４]■■■■■■■　 ｜ 　　　　　　 　｜ 　■■■■■■■[
５]■■■■■■■　 ｜ 　　　　　　 　｜ 　■■■■■■■[
６]■■■■■■■　 ｜ 　　　↑　　 　｜ 　■■■■■■■[
７]■■■■■■■　 ｜ 　　　　　　 　｜ 　■■■■■■■[
８]■■■■■■■　／　　　　　　　　　＼　■■■■■■■[
９]■■■■■■■／　　　　　　　　　　　＼■■■■■■■[
０≡——————————————————————————≡

１≡——————————————————————————≡
２]　　　　　／■＼　　　　　　　　　　　／■＼　　　　　[
３]　　　　／　■　＼　　　　　　　　　／　■　＼　　　　[
４]　　　／　　■　 ｜ 　　　　　　 　｜ 　■　　＼　　　[
５]　　 ｜ 　　■　 ｜ 　　　　　　 　｜ 　■　　 ｜　　 [
６]　　 ｜ 　　■　 ｜ 　　　↑　　 　｜ 　■　　 ｜　　 [
７]　　　＼　　■　 ｜ 　　　　　　 　｜ 　■　　／　　　[
８]　□　　＼　■　／　　　　　　　　　＼　■　／　□　　[
９]　　　　　＼■／　　　　□廿□　　　　＼■／　　　　　[
０≡——————————————————————————≡

１≡——————————————————————————≡
２]　　　　　／■＼　　　　　　　　　　　／■＼　　　　　[
３]　　　　／　■　＼　　　　　　　　　／　■　＼　　　　[
４]　　　／　　■　 ｜ 　　　　　　 　｜ 　■　　＼　　　[
５]　　 ｜ 　　■　 ｜ 　　　　　　 　｜ 　■　　 ｜　　 [
６]　　 ｜ 　　■　 ｜ 　　　↓　　 　｜ 　■　　 ｜　　 [
７]　　　＼　　■　 ｜ 　　　　　　 　｜ 　■　　／　　　[
８]　□　　＼　■　／　　　　　　　　　＼　■　／　□　　[
９]　　　　　＼■／　　　　□廿□　　　　＼■／　　　　　[
０≡——————————————————————————≡

１≡——————————————————————————≡
２]■■■■■■■　 ｜ 　　　　　　 　｜ 　■■■■■■■[
３]■■■■■■■　 ｜ 　　　　　　 　｜ 　■■■■■■■[
４]■■■■■■■　 ｜ 　　　　　　 　｜ 　■■■■■■■[
５]■■■■■■■　 ｜ 　　　↑　　 　｜ 　■■■■■■■[
６]■■■■■■■　／　　　　　　　　　＼　■■■■■■■[
７]■■■■■■■／　　　　　　　　　　　＼■■■■■■■[
８]　　　　　　　　　　　　　　　　　　　　　　　　　　　[
９]　　　　←　　　　　　　　　　　　　　　　　→　　　　[
０≡——————————————————————————≡

１≡——————————————————————————≡
２]■■■■■■■■■■■■■■■■■■■■■■■■■■■[
３]■■■■■■■■■■■■■■■■■■■■■■■■■■■[
４]■■■■■■■■■■■■■■■■■■■■■■■■■■■[
５]■■■■■■■■■■■■■■■■■■■■■■■■■■■[
６]■■■■■■■■■■■■■■■■■■■■■■■■■■■[
７]■■■■■■■■■■■■■■■■■■■■■■■■■■■[
８]　　　　　　　　　　　　　　　　　　　　　　　　　　　[
９]　　　　←　　　　　　　　　　　　　　　　　→　　　　[
０≡——————————————————————————≡

１≡——————————————————————————≡
２]■■■■■■■ 　　　　　　　　 ／　　　■■■■■■■[
３]■■■■■■■ 　　　　　　　　｜　 　　■■■■■■■[
４]■■■■■■■ 　　　　　　　　｜  　 　■■■■■■■[
５]■■■■■■■ 　　　　　　　　｜ 　  　■■■■■■■[
６]■■■■■■■　　　　　□　　　＼　　　■■■■■■■[
７]■■■■■■■　　　　　　　　　　＼　　■■■■■■■[
８]　　　　　　　　　　　　　　　　　　＼　■■■■■■■[
９]　　　　←　　　　　　　　　　　　　　＼■■■■■■■[
０≡——————————————————————————≡

１≡——————————————————————————≡
２]■■■■■■■ 　　 ＼ 　　　　 　　　　■■■■■■■[
３]■■■■■■■ 　　　｜　 　　　　　　　■■■■■■■[
４]■■■■■■■ 　　　｜　　　　　  　 　■■■■■■■[
５]■■■■■■■ 　　　｜ 　　　　　　  　■■■■■■■[
６]■■■■■■■　　　／　　□　　　　　　■■■■■■■[
７]■■■■■■■　　／　　　　　　　　　　■■■■■■■[
８]■■■■■■■　／　　　　　　　　　　　　　　　　　　[
９]■■■■■■■／　　　　　　　　　　　　　　→　　　　[
０≡——————————————————————————≡

１≡——————————————————————————≡
２]■■■■■■■＼　　　　　　　　　　　／■■■■■■■[
３]■■■■■■■　■■■■■■■■■■■　■■■■■■■[
４]■■■■■■■　■■■□－－－□■■■　■■■■■■■[
５]■■■■■■■　■■■｜　　　｜■■■　■■■■■■■[
６]■■■■■■■　■■■｜ο　　｜■■■　■■■■■■■[
７]■■■■■■■　■■■｜　　　｜■■■　■■■■■■■[
８]■■■■■■■　■■■｜　　　｜■■■　■■■■■■■[
９]■■■■■■■／　　　　　↑　　　　　＼■■■■■■■[
０≡——————————————————————————≡

１≡——————————————————————————≡
２]■■■■■■■＼　　　　　　　　　　　／■■■■■■■[
３]■■■■■■■　■■■■■■■■■■■　■■■■■■■[
４]■■■■■■■　■■■□－－－□■■■　■■■■■■■[
５]■■■■■■■　■■■｜　　　｜■■■　■■■■■■■[
６]■■■■■■■　■■■｜ο　　｜■■■　■■■■■■■[
７]■■■■■■■　■■■｜　　　｜■■■　■■■■■■■[
８]■■■■■■■　■■■｜　　　｜■■■　■■■■■■■[
９]■■■■■■■／　　　　　↓　　　　　＼■■■■■■■[
０≡——————————————————————————≡

——————————————————————————————
                        【围攻光明顶】                       
——————————————————————————————

元朝末年，唐朝时波斯传入中原的明教经过几十年的耕耘终于崛起，
门下弟子数以千计。因明教在江湖上行事常与朝廷作对，更因为旗下
某些弟子滥用明教名号胡作非为，令江湖人士人人自危，最终明教被
奉为邪教。以少林，武当为首的六大派为免明教继续祸害武林，决定
联手围攻光明顶，决于一举歼灭明教！

专属频道：guanwar
指令格式：guanwar score | guanwar leave

参数：  score : 查看围攻光明顶当前得分及当前任务状态。
        leave : 离开围攻光明顶战役。

——————————————————————————————
                         【战役说明】                        
——————————————————————————————

经验值一百万以上及有拜入师门的玩家均可参加围攻光明顶战役。

战役共分四个阶段：

第一阶段六大派玩家需要保护六大派代表其中三位及六大门派防守线
的安全，并清除山下明教所有弟子(disciple)及首领或旗主(leader)
才能继续第二阶段。

注：第一阶段需要击败 500 个明教弟子(disciple)才可开始攻
击首领或旗主(leader)。

第二阶段玩家需要协助六大派攻破明教三堂及五散人，在此阶段仍需
保护六大派代表其中三位及六大门派防守线的安全。
        
第三阶段玩家需要联手击败明教教主张无忌及光明左右使，张无忌武
功高强，且深得大挪移真谛，需小心谨慎。在此阶段仍需保护六大派
代表其中三位及六大门派防守线的安全。

第四阶段玩家需要联手击败走火入魔的明教教主张无忌，走火入魔的
张无忌武功爆增、威力强大，非武功高深且众人齐心不可击败。

战役结束或中途昏倒、死亡皆会立即以积分计算同等奖励并传送回扬
州中央广场，且需待下次围攻光明顶方可再进入战场。

——————————————————————————————
                    【开启围攻光明顶步骤】                   
——————————————————————————————

六大派弟子（少林，武当，峨嵋，华山，崆峒，昆仑）： 

开启战役玩家:

六大派玩家可在本门师傅处询问围攻光明顶来开始战役准备(例：华
山可向岳不群(ask yue 围攻光明顶)，玩家询问本掌门后，需再到其
他五个掌门分别邀约围攻光明顶(ask xxx 围攻光明顶)。

当玩家完成邀约，光明顶战役就会开始，发送邀请的玩家需自行前往
至昆仑山下进入战场。

参战玩家：

当出现围攻光明顶的系统信息时，其他六大派玩家均可以到六大门派
掌门处 ask xxx 围攻光明顶 来获取参加战役的资格。取得资格后，
可前往至昆仑山下进入战场。

相关信息：六大派接领战役的掌门分别为：

少林：玄慈大师
武当：张三丰
峨嵋：灭绝师太
华山：岳不群
崆峒：木灵子
昆仑：何足道

明教弟子：(未开放)

当出现六大派围攻光明顶的系统信息时候，明教弟子可以去张无忌处
(ask zhang 保护光明顶)来参加战役。参加后直接进入战场。
明教弟子可在明教本坛附近防守来攻者，或是下山去攻打六大派的各
代表及六大门派防守线，六大门派防守线及六大派各门派代表都拥有
相当高的血量，打破了六大门派防守线或者击杀三个以上门派代表即
可直接赢得战役。

注：其他派弟子只能帮助六大派围攻光明顶，而不能帮助明教保护光
明顶。
【谣言四起】某侠客甲：听说六大门派围攻光明顶获得了最终的胜利！
【谣言四起】某侠客甲：不知道是否有漏网之鱼逃离，若是有，怕是又会掀起一波风浪。
————————————————————————————————————————┐

第一百四十二场围攻光明顶概况：
开始时间：四千零五十二年冬二月二十七日九时
结束时间：四千零五十二年春三月五日十三时  共进行二十四分又二十八秒

十大高分：
          胡睡袋(sleepbag)                    0 分／总击杀   0 位／头领   0 位／
          刘昂星(liu)                         0 分／总击杀   0 位／头领   0 位／
          慕扬风(waterlin)                  631 分／总击杀  29 位／头领   5 位／
          击杀记录：天门教众长、雷门教众长、庄铮、殷野王、说不得
          熊仔(bearwhelp)                   844 分／总击杀   7 位／头领   3 位／
          击杀记录：辛然、胡青牛、韦一笑
          阿嘎(aga)                         844 分／总击杀  15 位／头领   4 位／
          击杀记录：李天垣、范遥、杨逍、殷天正
          马皇天下(dapp)                    250 分／总击杀 101 位／头领   1 位／
          击杀记录：颜垣
          艾克斯(acs)                        60 分／总击杀  60 位／头领   0 位／
          易晓沧(cty)                        70 分／总击杀  70 位／头领   0 位／
          妙司(mother)                       73 分／总击杀  73 位／头领   0 位／
          灵遥(yao)                         320 分／总击杀  62 位／头领   2 位／
          击杀记录：地门教众长、彭莹玉
          段女儿(daughter)                 7600 分／总击杀   2 位／头领   2 位／
          击杀记录：张无忌、疯狂张无忌
          欧阳痕(dreawn)                    433 分／总击杀   8 位／头领   3 位／
          击杀记录：张中、冷谦、周颠
          横祸(leonhart)                     94 分／总击杀  94 位／头领   0 位／

————————————————————————————————————————┘




进入游戏，取消决定天赋及性格等设置，直接进入扬州客栈
或者进入世家的概念？

在玩家进入20岁之前可以随意设置，但是机会只有一次。





天赋技能？？？应该类似add_reward, add_weak之类的，攻击类，防御类，灵巧类，均衡类






要求：



1、三转ID，SKILL>=5000（dodge,parry,force,一项空手或兵器技能，为裸技能，所有自制装备兵器无法带入），内力>=200w，精力>10w。

2、进入攻关模式后，无法吃药补充气血、内力、精力，宠物可以带入（鼓励培养宠物）。

3、提供统一兵器，装备（一般攻击防护效果，但无法损毁），攻关后收回。

4、断线、被k，时间到达都算闯关失败。



攻关模式：

1-5关（初级攻关模式），每关限时15分钟，可选择闯单关或连续闯关，连续闯关奖励加大（中途无法补充气血、内力等）。

6-10关（中级模式），每关限时15分钟，可选择闯单关或连续闯关，连续闯关奖励加大（中途无法补充气血、内力等）。

11-13（高级模式），每关限时20分钟，只能连续闯关，中途无法补充气血内力。

14-20（超级模式），每关限时30分钟，可选择闯单关或连续闯关，连续闯关奖励加大（中途无法补充气血、内力等）。

21-24（究极模式），每关限时45分钟，只能闯单关。

25（通天关），不限时，以闯关者支撑时间长短为评价因素。



攻关细节：

1-5关，6*6迷宫，每关出场3个npc, 1关（4000-6000skill）,2关（5000-7000skill）,3关（6000-8000skill）,4关(7000-9000skill),5关(8000-10000skill)。每关3个npc为单独出场,skill复制门派超级武功（combat），自动最强pfm。

6-10关，6*6迷宫，每关出场3个npc，6关（4000-6000skill）,7关（5000-7000skill）,8关（6000-8000skill）,9关(7000-9000skill),10关(8000-10000skill)。每关3个npc为群殴模式，skill复制门派超级武功（combat），自动最强pfm。

11-13关（需连续通3关），8*8迷宫，每关出场3个npc,等级均为10000skill，为主流门派的终极skill，如刀剑、九阳、凌波等等，会自动发最强pfm（不是转世绝学）

14-20关 8*8迷宫，每关出场1个终极npc，等级10000-16000，为主流门派的终极skill，能自动发转世绝学（pfm），手持远古类兵器。由于npc具备虚弱、busy等攻击效果，这几关可以在迷宫内设置宝箱或持有宝物的npc（抗虚、busy等防护装备），闯关者可以在迷宫内寻找这类物品或npc，取得装备；但总体时间需要控制在30分钟内。

21-24关，8*8迷宫，每关1个npc，远古兵器，等级16000级，21关npc skill为霸刀，后面依次为天剑，轮回剑，12T。自动发最强pfm。可以在迷宫内设置宝箱或持有宝物的npc（抗虚、busy等防护装备），闯关者可以在迷宫内寻找这类物品或npc，取得装备；但总体时间需要控制在30分钟内。

25通天关，lonely你来守吧，怎么虐自己考虑了，应该是目前无法通过的，可以设置一个评价公式，把闯关者支撑时间；打掉守关npc的气血、精等考虑进去。[这关可考虑带入自制装备]









> help kongtong
——————————————————————————————
                       【崆峒派简介】                       
——————————————————————————————

崆峒山位于甘肃西方，东瞰西安，西接兰州，南邻宝鸡，北抵银川，
是古丝绸之路西出关中之要塞。崆峒山集自然景观和人文景观于一身
，其间峰峦雄峙，危崖耸立，似鬼斧神工；林海浩瀚，烟笼雾锁，如
缥缈仙境；高峡平湖，水天一色，有漓江神韵。素有「西来第一山」
、「西镇奇观」、「中国道教第一山」等美誉。

崆峒派的开山祖师为木灵子，其武功造诣深不可测，已经达到出神入
化的境界。对于木灵子的来历众说纷纭，较可信的说法为西夏王族血
亲，俗名李灵。其后西夏王朝被蒙古所并，李灵因此出家，自封道号
木灵子。木灵子为人嫉恶如仇，年轻时就凭著独步天下的七伤拳行侠
仗义，因此声名大噪、侠名远播。后来木灵子于崆峒山创立崆峒派，
崆峒派门规严明，门人锄强幅弱、仗义而为，备受武林推崇。江湖上
将崆峒与少林、武当、峨嵋、华山、昆仑，并称为『六大门派』。

崆峒派绝技「七伤拳」施展开来威势显赫，内酝七种迥异拳劲：刚猛
、阴柔、刚中有柔、柔中有刚、横出、直送、内缩兼备。但此拳需以
阴阳及五行之气推动，一练七伤，七者皆伤。此拳功每深一层，自身
内脏便多受一层损害，所谓七伤实则是先伤己再伤敌。

——————————————————————————————
                     【崆峒派人物简介】                     
——————————————————————————————

崆峒派开山祖师：木灵子


崆峒派第三代弟子：

「崆峒五老老大」关能
「崆峒五老老二」宗维侠
「崆峒五老老三」唐文亮
「崆峒五老老四」常敬之


崆峒派第四代弟子：

山门道长


崆峒派第五代弟子

道童(不收徒)


——————————————————————————————
                     【崆峒派武功简介】                     
——————————————————————————————

内功    基本内功
        特殊内功：崆峒心法
        特殊内功：七伤心法

轻功    基本轻功
        特殊轻功：崆峒身法
        
剑法    基本剑法
        特殊剑法：飞龙剑法
        特殊剑法：夺命剑法
        
拳脚    基本拳脚
        特殊拳脚：七伤拳

手法    基本手法
        特殊手法：飞凤手

——————————————————————————————
                     【崆峒派武功招数】                     
——————————————————————————————

【七伤心法】

 提升战力   exert powerup       将体内真气布满全身，提升战斗
                                力。

 护体真气   exert shield        以真气运行全身，催生强劲护体
                                罩气。

【飞龙剑法】                
 
 飞龙升天   perform feilong     此招一经使出，声势浩大，变化
                                莫测，让对手在震慑中中剑而浑
                                然不知。此招需向木灵子学习。
 
【夺命剑法】

 连环夺命剑 perform lian        搭配迅捷的身法，以迅雷不及掩
                                耳的速度剑出连环，一招快过一
                                招，接二连三给予对手重创。此
                                招需向木灵子学习。

 一剑夺命   perform yij         当达人剑合一之境方可运用此招
                                ，以返朴归真的一剑笼罩敌手，
                                教对方避无可避，一剑中的。此
                                招需向木灵子学习。
 
【七伤拳】

 藏离诀     perform cangli      用内劲破对方的丹田之气，中了
                                此招内力飞泄，令人魂飞魄散。

 摧肝肠诀   perform cuiganchang 重击对方胸腹，可是被击中后所
                                受并非仅仅皮肉之伤，最可怕的
                                是内劲渗透体内，催肝伤肠。

 精失诀     perform jingshi     破坏对方的精，令对手感到疲惫
                                ，精气相比较，损精更为阴狠。

 伤肺诀     perform shangfei    此招直击对手胸部，内劲直入肺
                                部，中者呼吸困难，真气混浊难
                                以迅速替换，身法由此降低。

 损心诀     perform sunxin      扰乱对方的心神，令中者思维涣
                                散，无法专注于战斗，战斗力为
                                此大大下降。

 意恍惚诀   perform yihuanghu   这是一种高深的拳术，用夹杂了
                                浑厚真气的拳风牵制对方心神，
                                令其神情恍惚，无暇反击。

 七伤劲气   perform qishang     七种效果迥异的劲气融合在一起
                                ，同时注入对方体内，杀伤力自
                                然非同小可，此招需要高深的七
                                伤拳法才能发挥其潜力。

 伤字诀     perform shang       七伤拳以威力刚猛著称，此招施
                                展之际将内劲运于双拳攻出，重
                                创对手。此招需向木灵子学习。

 魂魄飞扬   perform fei         这本算是崆峒的密传绝技，其后
                                遭谢逊强夺学得。谢逊在冰火岛
                                曾以此招打在一棵巨树上。树木
                                外表完好无损，但是树木内部经
                                脉已断，一月之内，树木渐渐枯
                                死。可见该招威力非常恐怖。运
                                用此招需要相当的内功根基和内
                                力修为。如何运用此招需向木灵
                                子学习。
                                
 七伤双破击 perform po          木灵子晚年所创的绝技，此招刚
                                柔并济、阳尽阴生，教人防不胜
                                防。此招分为二击，第一击以阳
                                刚之劲牵制对手。而在击中后对
                                手3至5回合内追击，可并发以阴
                                柔之力催动的第二击，破尽对方
                                护身罩气，给予重创。此招需深
                                厚七伤心法修为方可施展。
                                
——————————————————————————————
                   【崆峒派特殊武器介绍】                   
——————————————————————————————

 崆峒神剑         成为木灵子入室弟子后，可从木灵子处获得此剑
                  ，此剑昔年木灵子曾持之荡妖除魔，扫尽群雄，
                  为崆峒派历代掌门人的信物。

